WARNING - 2025-03-14 05:54:09 --> [DEPRECATED] ucfirst(): Passing null to parameter #1 ($string) of type string is deprecated in APPPATH\Views\utama_v.php on line 19.
 1 APPPATH\Views\utama_v.php(19): ucfirst(null)
 2 SYSTEMPATH\View\View.php(234): include('C:\\xampp\\htdocs\\hrd\\app\\Views\\utama_v.php')
 3 SYSTEMPATH\View\View.php(237): CodeIgniter\View\View->CodeIgniter\View\{closure}()
 4 SYSTEMPATH\Common.php(1171): CodeIgniter\View\View->render('utama_v', [], true)
 5 APPPATH\Controllers\utama.php(21): view('utama_v')
 6 SYSTEMPATH\CodeIgniter.php(933): App\Controllers\utama->index()
 7 SYSTEMPATH\CodeIgniter.php(509): CodeIgniter\CodeIgniter->runController(Object(App\Controllers\utama))
 8 SYSTEMPATH\CodeIgniter.php(355): CodeIgniter\CodeIgniter->handleRequest(null, Object(Config\Cache), false)
 9 SYSTEMPATH\Boot.php(325): CodeIgniter\CodeIgniter->run()
10 SYSTEMPATH\Boot.php(67): CodeIgniter\Boot::runCodeIgniter(Object(CodeIgniter\CodeIgniter))
11 FCPATH\index.php(56): CodeIgniter\Boot::bootWeb(Object(Config\Paths))
INFO - 2025-03-14 00:23:17 --> Session: Class initialized using 'CodeIgniter\Session\Handlers\FileHandler' driver.
CRITICAL - 2025-03-14 07:23:18 --> ErrorException: Undefined array key ""
[Method: GET, Route: mjamkerja]
in APPPATH\Views\master\mjamkerja_v.php on line 299.
 1 APPPATH\Views\master\mjamkerja_v.php(299): CodeIgniter\Debug\Exceptions->errorHandler(2, 'Undefined array key ""', 'C:\\xampp\\htdocs\\hrd\\app\\Views\\master\\mjamkerja_v.php', 299)
 2 [internal function]: CodeIgniter\View\View->{closure}('')
 3 APPPATH\Views\master\mjamkerja_v.php(299): array_map(Object(Closure), [...])
 4 SYSTEMPATH\View\View.php(234): include('C:\\xampp\\htdocs\\hrd\\app\\Views\\master\\mjamkerja_v.php')
 5 SYSTEMPATH\View\View.php(237): CodeIgniter\View\View->CodeIgniter\View\{closure}()
 6 SYSTEMPATH\Common.php(1171): CodeIgniter\View\View->render('master/mjamkerja_v', [], true)
 7 APPPATH\Controllers\master\mjamkerja.php(23): view('master/mjamkerja_v', [...])
 8 SYSTEMPATH\CodeIgniter.php(933): App\Controllers\master\mjamkerja->index()
 9 SYSTEMPATH\CodeIgniter.php(509): CodeIgniter\CodeIgniter->runController(Object(App\Controllers\master\mjamkerja))
10 SYSTEMPATH\CodeIgniter.php(355): CodeIgniter\CodeIgniter->handleRequest(null, Object(Config\Cache), false)
11 SYSTEMPATH\Boot.php(325): CodeIgniter\CodeIgniter->run()
12 SYSTEMPATH\Boot.php(67): CodeIgniter\Boot::runCodeIgniter(Object(CodeIgniter\CodeIgniter))
13 FCPATH\index.php(56): CodeIgniter\Boot::bootWeb(Object(Config\Paths))
INFO - 2025-03-14 02:54:10 --> Session: Class initialized using 'CodeIgniter\Session\Handlers\FileHandler' driver.
INFO - 2025-03-14 02:54:10 --> Session: Class initialized using 'CodeIgniter\Session\Handlers\FileHandler' driver.
INFO - 2025-03-14 02:54:12 --> Session: Class initialized using 'CodeIgniter\Session\Handlers\FileHandler' driver.
INFO - 2025-03-14 02:54:12 --> Session: Class initialized using 'CodeIgniter\Session\Handlers\FileHandler' driver.
WARNING - 2025-03-14 09:54:12 --> [DEPRECATED] ucfirst(): Passing null to parameter #1 ($string) of type string is deprecated in APPPATH\Views\utama_v.php on line 19.
 1 APPPATH\Views\utama_v.php(19): ucfirst(null)
 2 SYSTEMPATH\View\View.php(234): include('C:\\xampp\\htdocs\\hrd\\app\\Views\\utama_v.php')
 3 SYSTEMPATH\View\View.php(237): CodeIgniter\View\View->CodeIgniter\View\{closure}()
 4 SYSTEMPATH\Common.php(1171): CodeIgniter\View\View->render('utama_v', [], true)
 5 APPPATH\Controllers\utama.php(21): view('utama_v')
 6 SYSTEMPATH\CodeIgniter.php(933): App\Controllers\utama->index()
 7 SYSTEMPATH\CodeIgniter.php(509): CodeIgniter\CodeIgniter->runController(Object(App\Controllers\utama))
 8 SYSTEMPATH\CodeIgniter.php(355): CodeIgniter\CodeIgniter->handleRequest(null, Object(Config\Cache), false)
 9 SYSTEMPATH\Boot.php(325): CodeIgniter\CodeIgniter->run()
10 SYSTEMPATH\Boot.php(67): CodeIgniter\Boot::runCodeIgniter(Object(CodeIgniter\CodeIgniter))
11 FCPATH\index.php(56): CodeIgniter\Boot::bootWeb(Object(Config\Paths))
INFO - 2025-03-14 02:54:14 --> Session: Class initialized using 'CodeIgniter\Session\Handlers\FileHandler' driver.
CRITICAL - 2025-03-14 09:54:14 --> ErrorException: Undefined array key ""
[Method: GET, Route: mjamkerja]
in APPPATH\Views\master\mjamkerja_v.php on line 299.
 1 APPPATH\Views\master\mjamkerja_v.php(299): CodeIgniter\Debug\Exceptions->errorHandler(2, 'Undefined array key ""', 'C:\\xampp\\htdocs\\hrd\\app\\Views\\master\\mjamkerja_v.php', 299)
 2 [internal function]: CodeIgniter\View\View->{closure}('')
 3 APPPATH\Views\master\mjamkerja_v.php(299): array_map(Object(Closure), [...])
 4 SYSTEMPATH\View\View.php(234): include('C:\\xampp\\htdocs\\hrd\\app\\Views\\master\\mjamkerja_v.php')
 5 SYSTEMPATH\View\View.php(237): CodeIgniter\View\View->CodeIgniter\View\{closure}()
 6 SYSTEMPATH\Common.php(1171): CodeIgniter\View\View->render('master/mjamkerja_v', [], true)
 7 APPPATH\Controllers\master\mjamkerja.php(23): view('master/mjamkerja_v', [...])
 8 SYSTEMPATH\CodeIgniter.php(933): App\Controllers\master\mjamkerja->index()
 9 SYSTEMPATH\CodeIgniter.php(509): CodeIgniter\CodeIgniter->runController(Object(App\Controllers\master\mjamkerja))
10 SYSTEMPATH\CodeIgniter.php(355): CodeIgniter\CodeIgniter->handleRequest(null, Object(Config\Cache), false)
11 SYSTEMPATH\Boot.php(325): CodeIgniter\CodeIgniter->run()
12 SYSTEMPATH\Boot.php(67): CodeIgniter\Boot::runCodeIgniter(Object(CodeIgniter\CodeIgniter))
13 FCPATH\index.php(56): CodeIgniter\Boot::bootWeb(Object(Config\Paths))
INFO - 2025-03-14 02:55:31 --> Session: Class initialized using 'CodeIgniter\Session\Handlers\FileHandler' driver.
CRITICAL - 2025-03-14 09:55:31 --> ErrorException: Undefined array key ""
[Method: GET, Route: mjamkerja]
in APPPATH\Views\master\mjamkerja_v.php on line 299.
 1 APPPATH\Views\master\mjamkerja_v.php(299): CodeIgniter\Debug\Exceptions->errorHandler(2, 'Undefined array key ""', 'C:\\xampp\\htdocs\\hrd\\app\\Views\\master\\mjamkerja_v.php', 299)
 2 [internal function]: CodeIgniter\View\View->{closure}('')
 3 APPPATH\Views\master\mjamkerja_v.php(299): array_map(Object(Closure), [...])
 4 SYSTEMPATH\View\View.php(234): include('C:\\xampp\\htdocs\\hrd\\app\\Views\\master\\mjamkerja_v.php')
 5 SYSTEMPATH\View\View.php(237): CodeIgniter\View\View->CodeIgniter\View\{closure}()
 6 SYSTEMPATH\Common.php(1171): CodeIgniter\View\View->render('master/mjamkerja_v', [], true)
 7 APPPATH\Controllers\master\mjamkerja.php(23): view('master/mjamkerja_v', [...])
 8 SYSTEMPATH\CodeIgniter.php(933): App\Controllers\master\mjamkerja->index()
 9 SYSTEMPATH\CodeIgniter.php(509): CodeIgniter\CodeIgniter->runController(Object(App\Controllers\master\mjamkerja))
10 SYSTEMPATH\CodeIgniter.php(355): CodeIgniter\CodeIgniter->handleRequest(null, Object(Config\Cache), false)
11 SYSTEMPATH\Boot.php(325): CodeIgniter\CodeIgniter->run()
12 SYSTEMPATH\Boot.php(67): CodeIgniter\Boot::runCodeIgniter(Object(CodeIgniter\CodeIgniter))
13 FCPATH\index.php(56): CodeIgniter\Boot::bootWeb(Object(Config\Paths))
INFO - 2025-03-14 02:55:34 --> Session: Class initialized using 'CodeIgniter\Session\Handlers\FileHandler' driver.
CRITICAL - 2025-03-14 09:55:34 --> ErrorException: Undefined array key ""
[Method: GET, Route: mjamkerja]
in APPPATH\Views\master\mjamkerja_v.php on line 299.
 1 APPPATH\Views\master\mjamkerja_v.php(299): CodeIgniter\Debug\Exceptions->errorHandler(2, 'Undefined array key ""', 'C:\\xampp\\htdocs\\hrd\\app\\Views\\master\\mjamkerja_v.php', 299)
 2 [internal function]: CodeIgniter\View\View->{closure}('')
 3 APPPATH\Views\master\mjamkerja_v.php(299): array_map(Object(Closure), [...])
 4 SYSTEMPATH\View\View.php(234): include('C:\\xampp\\htdocs\\hrd\\app\\Views\\master\\mjamkerja_v.php')
 5 SYSTEMPATH\View\View.php(237): CodeIgniter\View\View->CodeIgniter\View\{closure}()
 6 SYSTEMPATH\Common.php(1171): CodeIgniter\View\View->render('master/mjamkerja_v', [], true)
 7 APPPATH\Controllers\master\mjamkerja.php(23): view('master/mjamkerja_v', [...])
 8 SYSTEMPATH\CodeIgniter.php(933): App\Controllers\master\mjamkerja->index()
 9 SYSTEMPATH\CodeIgniter.php(509): CodeIgniter\CodeIgniter->runController(Object(App\Controllers\master\mjamkerja))
10 SYSTEMPATH\CodeIgniter.php(355): CodeIgniter\CodeIgniter->handleRequest(null, Object(Config\Cache), false)
11 SYSTEMPATH\Boot.php(325): CodeIgniter\CodeIgniter->run()
12 SYSTEMPATH\Boot.php(67): CodeIgniter\Boot::runCodeIgniter(Object(CodeIgniter\CodeIgniter))
13 FCPATH\index.php(56): CodeIgniter\Boot::bootWeb(Object(Config\Paths))
INFO - 2025-03-14 02:55:41 --> Session: Class initialized using 'CodeIgniter\Session\Handlers\FileHandler' driver.
INFO - 2025-03-14 02:55:56 --> Session: Class initialized using 'CodeIgniter\Session\Handlers\FileHandler' driver.
INFO - 2025-03-14 02:56:16 --> Session: Class initialized using 'CodeIgniter\Session\Handlers\FileHandler' driver.
INFO - 2025-03-14 02:56:22 --> Session: Class initialized using 'CodeIgniter\Session\Handlers\FileHandler' driver.
INFO - 2025-03-14 04:04:25 --> Session: Class initialized using 'CodeIgniter\Session\Handlers\FileHandler' driver.
INFO - 2025-03-14 04:06:41 --> Session: Class initialized using 'CodeIgniter\Session\Handlers\FileHandler' driver.
INFO - 2025-03-14 04:06:49 --> Session: Class initialized using 'CodeIgniter\Session\Handlers\FileHandler' driver.
INFO - 2025-03-14 04:06:55 --> Session: Class initialized using 'CodeIgniter\Session\Handlers\FileHandler' driver.
INFO - 2025-03-14 04:07:08 --> Session: Class initialized using 'CodeIgniter\Session\Handlers\FileHandler' driver.
INFO - 2025-03-14 04:07:15 --> Session: Class initialized using 'CodeIgniter\Session\Handlers\FileHandler' driver.
INFO - 2025-03-14 04:07:26 --> Session: Class initialized using 'CodeIgniter\Session\Handlers\FileHandler' driver.
CRITICAL - 2025-03-14 11:07:26 --> TypeError: in_array(): Argument #2 ($haystack) must be of type array, string given
[Method: POST, Route: mjamkerja]
in APPPATH\Views\master\mjamkerja_v.php on line 214.
 1 APPPATH\Views\master\mjamkerja_v.php(214): in_array(0, '1,2,3,4,5,6')
 2 SYSTEMPATH\View\View.php(234): include('C:\\xampp\\htdocs\\hrd\\app\\Views\\master\\mjamkerja_v.php')
 3 SYSTEMPATH\View\View.php(237): CodeIgniter\View\View->CodeIgniter\View\{closure}()
 4 SYSTEMPATH\Common.php(1171): CodeIgniter\View\View->render('master/mjamkerja_v', [], true)
 5 APPPATH\Controllers\master\mjamkerja.php(23): view('master/mjamkerja_v', [...])
 6 SYSTEMPATH\CodeIgniter.php(933): App\Controllers\master\mjamkerja->index()
 7 SYSTEMPATH\CodeIgniter.php(509): CodeIgniter\CodeIgniter->runController(Object(App\Controllers\master\mjamkerja))
 8 SYSTEMPATH\CodeIgniter.php(355): CodeIgniter\CodeIgniter->handleRequest(null, Object(Config\Cache), false)
 9 SYSTEMPATH\Boot.php(325): CodeIgniter\CodeIgniter->run()
10 SYSTEMPATH\Boot.php(67): CodeIgniter\Boot::runCodeIgniter(Object(CodeIgniter\CodeIgniter))
11 FCPATH\index.php(56): CodeIgniter\Boot::bootWeb(Object(Config\Paths))
INFO - 2025-03-14 04:08:03 --> Session: Class initialized using 'CodeIgniter\Session\Handlers\FileHandler' driver.
INFO - 2025-03-14 04:08:09 --> Session: Class initialized using 'CodeIgniter\Session\Handlers\FileHandler' driver.
INFO - 2025-03-14 04:08:58 --> Session: Class initialized using 'CodeIgniter\Session\Handlers\FileHandler' driver.
INFO - 2025-03-14 04:09:02 --> Session: Class initialized using 'CodeIgniter\Session\Handlers\FileHandler' driver.
INFO - 2025-03-14 04:09:47 --> Session: Class initialized using 'CodeIgniter\Session\Handlers\FileHandler' driver.
INFO - 2025-03-14 04:09:53 --> Session: Class initialized using 'CodeIgniter\Session\Handlers\FileHandler' driver.
INFO - 2025-03-14 04:09:57 --> Session: Class initialized using 'CodeIgniter\Session\Handlers\FileHandler' driver.
INFO - 2025-03-14 04:10:32 --> Session: Class initialized using 'CodeIgniter\Session\Handlers\FileHandler' driver.
INFO - 2025-03-14 04:26:34 --> Session: Class initialized using 'CodeIgniter\Session\Handlers\FileHandler' driver.
INFO - 2025-03-14 04:36:34 --> Session: Class initialized using 'CodeIgniter\Session\Handlers\FileHandler' driver.
INFO - 2025-03-14 06:06:16 --> Session: Class initialized using 'CodeIgniter\Session\Handlers\FileHandler' driver.
INFO - 2025-03-14 06:13:34 --> Session: Class initialized using 'CodeIgniter\Session\Handlers\FileHandler' driver.
INFO - 2025-03-14 07:02:53 --> Session: Class initialized using 'CodeIgniter\Session\Handlers\FileHandler' driver.
INFO - 2025-03-14 07:15:27 --> Session: Class initialized using 'CodeIgniter\Session\Handlers\FileHandler' driver.
INFO - 2025-03-14 07:39:27 --> Session: Class initialized using 'CodeIgniter\Session\Handlers\FileHandler' driver.
ERROR - 2025-03-14 14:39:27 --> mysqli_sql_exception: Unknown column 'libur_ramadlan' in 'order clause' in C:\xampp\htdocs\hrd\vendor\codeigniter4\framework\system\Database\MySQLi\Connection.php:312
Stack trace:
#0 C:\xampp\htdocs\hrd\vendor\codeigniter4\framework\system\Database\MySQLi\Connection.php(312): mysqli->query('SELECT *\nFROM `...', 0)
#1 C:\xampp\htdocs\hrd\vendor\codeigniter4\framework\system\Database\BaseConnection.php(734): CodeIgniter\Database\MySQLi\Connection->execute('SELECT *\nFROM `...')
#2 C:\xampp\htdocs\hrd\vendor\codeigniter4\framework\system\Database\BaseConnection.php(648): CodeIgniter\Database\BaseConnection->simpleQuery('SELECT *\nFROM `...')
#3 C:\xampp\htdocs\hrd\vendor\codeigniter4\framework\system\Database\BaseBuilder.php(1636): CodeIgniter\Database\BaseConnection->query('SELECT *\nFROM `...', Array, false)
#4 C:\xampp\htdocs\hrd\app\Views\master\mlibur_v.php(285): CodeIgniter\Database\BaseBuilder->get()
#5 C:\xampp\htdocs\hrd\vendor\codeigniter4\framework\system\View\View.php(234): include('C:\\xampp\\htdocs...')
#6 C:\xampp\htdocs\hrd\vendor\codeigniter4\framework\system\View\View.php(237): CodeIgniter\View\View->CodeIgniter\View\{closure}()
#7 C:\xampp\htdocs\hrd\vendor\codeigniter4\framework\system\Common.php(1171): CodeIgniter\View\View->render('master/mlibur_v', Array, true)
#8 C:\xampp\htdocs\hrd\app\Controllers\master\mlibur.php(23): view('master/mlibur_v', Array)
#9 C:\xampp\htdocs\hrd\vendor\codeigniter4\framework\system\CodeIgniter.php(933): App\Controllers\master\mlibur->index()
#10 C:\xampp\htdocs\hrd\vendor\codeigniter4\framework\system\CodeIgniter.php(509): CodeIgniter\CodeIgniter->runController(Object(App\Controllers\master\mlibur))
#11 C:\xampp\htdocs\hrd\vendor\codeigniter4\framework\system\CodeIgniter.php(355): CodeIgniter\CodeIgniter->handleRequest(NULL, Object(Config\Cache), false)
#12 C:\xampp\htdocs\hrd\vendor\codeigniter4\framework\system\Boot.php(325): CodeIgniter\CodeIgniter->run()
#13 C:\xampp\htdocs\hrd\vendor\codeigniter4\framework\system\Boot.php(67): CodeIgniter\Boot::runCodeIgniter(Object(CodeIgniter\CodeIgniter))
#14 C:\xampp\htdocs\hrd\index.php(56): CodeIgniter\Boot::bootWeb(Object(Config\Paths))
#15 {main}
CRITICAL - 2025-03-14 14:39:27 --> CodeIgniter\Database\Exceptions\DatabaseException: Unknown column 'libur_ramadlan' in 'order clause'
[Method: GET, Route: mlibur]
in SYSTEMPATH\Database\BaseConnection.php on line 688.
 1 SYSTEMPATH\Database\BaseBuilder.php(1636): CodeIgniter\Database\BaseConnection->query('SELECT *
FROM `libur`
ORDER BY `libur_ramadlan` ASC, `libur_type` ASC, `libur_libur` ASC, `libur_name` ASC', [], false)
 2 APPPATH\Views\master\mlibur_v.php(285): CodeIgniter\Database\BaseBuilder->get()
 3 SYSTEMPATH\View\View.php(234): include('C:\\xampp\\htdocs\\hrd\\app\\Views\\master\\mlibur_v.php')
 4 SYSTEMPATH\View\View.php(237): CodeIgniter\View\View->CodeIgniter\View\{closure}()
 5 SYSTEMPATH\Common.php(1171): CodeIgniter\View\View->render('master/mlibur_v', [], true)
 6 APPPATH\Controllers\master\mlibur.php(23): view('master/mlibur_v', [...])
 7 SYSTEMPATH\CodeIgniter.php(933): App\Controllers\master\mlibur->index()
 8 SYSTEMPATH\CodeIgniter.php(509): CodeIgniter\CodeIgniter->runController(Object(App\Controllers\master\mlibur))
 9 SYSTEMPATH\CodeIgniter.php(355): CodeIgniter\CodeIgniter->handleRequest(null, Object(Config\Cache), false)
10 SYSTEMPATH\Boot.php(325): CodeIgniter\CodeIgniter->run()
11 SYSTEMPATH\Boot.php(67): CodeIgniter\Boot::runCodeIgniter(Object(CodeIgniter\CodeIgniter))
12 FCPATH\index.php(56): CodeIgniter\Boot::bootWeb(Object(Config\Paths))
CRITICAL - 2025-03-14 14:39:27 --> [Caused by] CodeIgniter\Database\Exceptions\DatabaseException: Unknown column 'libur_ramadlan' in 'order clause'
in SYSTEMPATH\Database\MySQLi\Connection.php on line 317.
 1 SYSTEMPATH\Database\BaseConnection.php(734): CodeIgniter\Database\MySQLi\Connection->execute('SELECT *
FROM `libur`
ORDER BY `libur_ramadlan` ASC, `libur_type` ASC, `libur_libur` ASC, `libur_name` ASC')
 2 SYSTEMPATH\Database\BaseConnection.php(648): CodeIgniter\Database\BaseConnection->simpleQuery('SELECT *
FROM `libur`
ORDER BY `libur_ramadlan` ASC, `libur_type` ASC, `libur_libur` ASC, `libur_name` ASC')
 3 SYSTEMPATH\Database\BaseBuilder.php(1636): CodeIgniter\Database\BaseConnection->query('SELECT *
FROM `libur`
ORDER BY `libur_ramadlan` ASC, `libur_type` ASC, `libur_libur` ASC, `libur_name` ASC', [], false)
 4 APPPATH\Views\master\mlibur_v.php(285): CodeIgniter\Database\BaseBuilder->get()
 5 SYSTEMPATH\View\View.php(234): include('C:\\xampp\\htdocs\\hrd\\app\\Views\\master\\mlibur_v.php')
 6 SYSTEMPATH\View\View.php(237): CodeIgniter\View\View->CodeIgniter\View\{closure}()
 7 SYSTEMPATH\Common.php(1171): CodeIgniter\View\View->render('master/mlibur_v', [], true)
 8 APPPATH\Controllers\master\mlibur.php(23): view('master/mlibur_v', [...])
 9 SYSTEMPATH\CodeIgniter.php(933): App\Controllers\master\mlibur->index()
10 SYSTEMPATH\CodeIgniter.php(509): CodeIgniter\CodeIgniter->runController(Object(App\Controllers\master\mlibur))
11 SYSTEMPATH\CodeIgniter.php(355): CodeIgniter\CodeIgniter->handleRequest(null, Object(Config\Cache), false)
12 SYSTEMPATH\Boot.php(325): CodeIgniter\CodeIgniter->run()
13 SYSTEMPATH\Boot.php(67): CodeIgniter\Boot::runCodeIgniter(Object(CodeIgniter\CodeIgniter))
14 FCPATH\index.php(56): CodeIgniter\Boot::bootWeb(Object(Config\Paths))
CRITICAL - 2025-03-14 14:39:27 --> [Caused by] mysqli_sql_exception: Unknown column 'libur_ramadlan' in 'order clause'
in SYSTEMPATH\Database\MySQLi\Connection.php on line 312.
 1 SYSTEMPATH\Database\MySQLi\Connection.php(312): mysqli->query('SELECT *
FROM `libur`
ORDER BY `libur_ramadlan` ASC, `libur_type` ASC, `libur_libur` ASC, `libur_name` ASC', 0)
 2 SYSTEMPATH\Database\BaseConnection.php(734): CodeIgniter\Database\MySQLi\Connection->execute('SELECT *
FROM `libur`
ORDER BY `libur_ramadlan` ASC, `libur_type` ASC, `libur_libur` ASC, `libur_name` ASC')
 3 SYSTEMPATH\Database\BaseConnection.php(648): CodeIgniter\Database\BaseConnection->simpleQuery('SELECT *
FROM `libur`
ORDER BY `libur_ramadlan` ASC, `libur_type` ASC, `libur_libur` ASC, `libur_name` ASC')
 4 SYSTEMPATH\Database\BaseBuilder.php(1636): CodeIgniter\Database\BaseConnection->query('SELECT *
FROM `libur`
ORDER BY `libur_ramadlan` ASC, `libur_type` ASC, `libur_libur` ASC, `libur_name` ASC', [], false)
 5 APPPATH\Views\master\mlibur_v.php(285): CodeIgniter\Database\BaseBuilder->get()
 6 SYSTEMPATH\View\View.php(234): include('C:\\xampp\\htdocs\\hrd\\app\\Views\\master\\mlibur_v.php')
 7 SYSTEMPATH\View\View.php(237): CodeIgniter\View\View->CodeIgniter\View\{closure}()
 8 SYSTEMPATH\Common.php(1171): CodeIgniter\View\View->render('master/mlibur_v', [], true)
 9 APPPATH\Controllers\master\mlibur.php(23): view('master/mlibur_v', [...])
10 SYSTEMPATH\CodeIgniter.php(933): App\Controllers\master\mlibur->index()
11 SYSTEMPATH\CodeIgniter.php(509): CodeIgniter\CodeIgniter->runController(Object(App\Controllers\master\mlibur))
12 SYSTEMPATH\CodeIgniter.php(355): CodeIgniter\CodeIgniter->handleRequest(null, Object(Config\Cache), false)
13 SYSTEMPATH\Boot.php(325): CodeIgniter\CodeIgniter->run()
14 SYSTEMPATH\Boot.php(67): CodeIgniter\Boot::runCodeIgniter(Object(CodeIgniter\CodeIgniter))
15 FCPATH\index.php(56): CodeIgniter\Boot::bootWeb(Object(Config\Paths))
